# JRE version: OpenJDK Runtime Environment (8.0_242-b01) (build 1.8.0_242-release-1644-b01)
# Java VM: OpenJDK 64-Bit Server VM (25.242-b01 mixed mode windows-amd64 compressed oops)
Heap:
 PSYoungGen      total 128000K, used 22580K [0x00000000e0000000, 0x00000000e8200000, 0x0000000100000000)
  eden space 122880K, 14% used [0x00000000e0000000,0x00000000e1110098,0x00000000e7800000)
  from space 5120K, 99% used [0x00000000e7800000,0x00000000e7cfd2e0,0x00000000e7d00000)
  to   space 5120K, 0% used [0x00000000e7d00000,0x00000000e7d00000,0x00000000e8200000)
 ParOldGen       total 60416K, used 28195K [0x00000000a0000000, 0x00000000a3b00000, 0x00000000e0000000)
  object space 60416K, 46% used [0x00000000a0000000,0x00000000a1b88e40,0x00000000a3b00000)
 Metaspace       used 45553K, capacity 46602K, committed 46808K, reserved 1089536K
  class space    used 6033K, capacity 6298K, committed 6400K, reserved 1048576K
GC Heap History (10 events):
Event: 3.600 GC heap before
{Heap before GC invocations=5 (full 1):
 PSYoungGen      total 128000K, used 5096K [0x00000000e0000000, 0x00000000e8200000, 0x0000000100000000)
  eden space 122880K, 0% used [0x00000000e0000000,0x00000000e0000000,0x00000000e7800000)
  from space 5120K, 99% used [0x00000000e7d00000,0x00000000e81fa050,0x00000000e8200000)
  to   space 5120K, 0% used [0x00000000e7800000,0x00000000e7800000,0x00000000e7d00000)
 ParOldGen       total 81920K, used 9841K [0x00000000a0000000, 0x00000000a5000000, 0x00000000e0000000)
  object space 81920K, 12% used [0x00000000a0000000,0x00000000a099c680,0x00000000a5000000)
 Metaspace       used 20688K, capacity 21192K, committed 21248K, reserved 1067008K
  class space    used 2902K, capacity 3051K, committed 3072K, reserved 1048576K
Event: 3.647 GC heap after
Heap after GC invocations=5 (full 1):
 PSYoungGen      total 128000K, used 0K [0x00000000e0000000, 0x00000000e8200000, 0x0000000100000000)
  eden space 122880K, 0% used [0x00000000e0000000,0x00000000e0000000,0x00000000e7800000)
  from space 5120K, 0% used [0x00000000e7d00000,0x00000000e7d00000,0x00000000e8200000)
  to   space 5120K, 0% used [0x00000000e7800000,0x00000000e7800000,0x00000000e7d00000)
 ParOldGen       total 60416K, used 9982K [0x00000000a0000000, 0x00000000a3b00000, 0x00000000e0000000)
  object space 60416K, 16% used [0x00000000a0000000,0x00000000a09bfa00,0x00000000a3b00000)
 Metaspace       used 20688K, capacity 21192K, committed 21248K, reserved 1067008K
  class space    used 2902K, capacity 3051K, committed 3072K, reserved 1048576K
}
Event: 5.905 GC heap before
{Heap before GC invocations=6 (full 1):
 PSYoungGen      total 128000K, used 122880K [0x00000000e0000000, 0x00000000e8200000, 0x0000000100000000)
  eden space 122880K, 100% used [0x00000000e0000000,0x00000000e7800000,0x00000000e7800000)
  from space 5120K, 0% used [0x00000000e7d00000,0x00000000e7d00000,0x00000000e8200000)
  to   space 5120K, 0% used [0x00000000e7800000,0x00000000e7800000,0x00000000e7d00000)
 ParOldGen       total 60416K, used 9982K [0x00000000a0000000, 0x00000000a3b00000, 0x00000000e0000000)
  object space 60416K, 16% used [0x00000000a0000000,0x00000000a09bfa00,0x00000000a3b00000)
 Metaspace       used 31244K, capacity 31964K, committed 32000K, reserved 1077248K
  class space    used 4166K, capacity 4327K, committed 4352K, reserved 1048576K
Event: 5.937 GC heap after
Heap after GC invocations=6 (full 1):
 PSYoungGen      total 128000K, used 5104K [0x00000000e0000000, 0x00000000e8200000, 0x0000000100000000)
  eden space 122880K, 0% used [0x00000000e0000000,0x00000000e0000000,0x00000000e7800000)
  from space 5120K, 99% used [0x00000000e7800000,0x00000000e7cfc090,0x00000000e7d00000)
  to   space 5120K, 0% used [0x00000000e7d00000,0x00000000e7d00000,0x00000000e8200000)
 ParOldGen       total 60416K, used 18164K [0x00000000a0000000, 0x00000000a3b00000, 0x00000000e0000000)
  object space 60416K, 30% used [0x00000000a0000000,0x00000000a11bd1e0,0x00000000a3b00000)
 Metaspace       used 31244K, capacity 31964K, committed 32000K, reserved 1077248K
  class space    used 4166K, capacity 4327K, committed 4352K, reserved 1048576K
}
Event: 7.094 GC heap before
{Heap before GC invocations=7 (full 1):
 PSYoungGen      total 128000K, used 75436K [0x00000000e0000000, 0x00000000e8200000, 0x0000000100000000)
  eden space 122880K, 57% used [0x00000000e0000000,0x00000000e44af358,0x00000000e7800000)
  from space 5120K, 99% used [0x00000000e7800000,0x00000000e7cfc090,0x00000000e7d00000)
  to   space 5120K, 0% used [0x00000000e7d00000,0x00000000e7d00000,0x00000000e8200000)
 ParOldGen       total 60416K, used 18164K [0x00000000a0000000, 0x00000000a3b00000, 0x00000000e0000000)
  object space 60416K, 30% used [0x00000000a0000000,0x00000000a11bd1e0,0x00000000a3b00000)
 Metaspace       used 34462K, capacity 35314K, committed 35416K, reserved 1079296K
  class space    used 4683K, capacity 4908K, committed 4992K, reserved 1048576K
Event: 7.105 GC heap after
Heap after GC invocations=7 (full 1):
 PSYoungGen      total 128000K, used 5108K [0x00000000e0000000, 0x00000000e8200000, 0x0000000100000000)
  eden space 122880K, 0% used [0x00000000e0000000,0x00000000e0000000,0x00000000e7800000)
  from space 5120K, 99% used [0x00000000e7d00000,0x00000000e81fd090,0x00000000e8200000)
  to   space 5120K, 0% used [0x00000000e7800000,0x00000000e7800000,0x00000000e7d00000)
 ParOldGen       total 60416K, used 24210K [0x00000000a0000000, 0x00000000a3b00000, 0x00000000e0000000)
  object space 60416K, 40% used [0x00000000a0000000,0x00000000a17a4888,0x00000000a3b00000)
 Metaspace       used 34462K, capacity 35314K, committed 35416K, reserved 1079296K
  class space    used 4683K, capacity 4908K, committed 4992K, reserved 1048576K
}
Event: 7.105 GC heap before
{Heap before GC invocations=8 (full 2):
 PSYoungGen      total 128000K, used 5108K [0x00000000e0000000, 0x00000000e8200000, 0x0000000100000000)
  eden space 122880K, 0% used [0x00000000e0000000,0x00000000e0000000,0x00000000e7800000)
  from space 5120K, 99% used [0x00000000e7d00000,0x00000000e81fd090,0x00000000e8200000)
  to   space 5120K, 0% used [0x00000000e7800000,0x00000000e7800000,0x00000000e7d00000)
 ParOldGen       total 60416K, used 24210K [0x00000000a0000000, 0x00000000a3b00000, 0x00000000e0000000)
  object space 60416K, 40% used [0x00000000a0000000,0x00000000a17a4888,0x00000000a3b00000)
 Metaspace       used 34462K, capacity 35314K, committed 35416K, reserved 1079296K
  class space    used 4683K, capacity 4908K, committed 4992K, reserved 1048576K
Event: 7.213 GC heap after
Heap after GC invocations=8 (full 2):
 PSYoungGen      total 128000K, used 0K [0x00000000e0000000, 0x00000000e8200000, 0x0000000100000000)
  eden space 122880K, 0% used [0x00000000e0000000,0x00000000e0000000,0x00000000e7800000)
  from space 5120K, 0% used [0x00000000e7d00000,0x00000000e7d00000,0x00000000e8200000)
  to   space 5120K, 0% used [0x00000000e7800000,0x00000000e7800000,0x00000000e7d00000)
 ParOldGen       total 60416K, used 19384K [0x00000000a0000000, 0x00000000a3b00000, 0x00000000e0000000)
  object space 60416K, 32% used [0x00000000a0000000,0x00000000a12ee220,0x00000000a3b00000)
 Metaspace       used 34416K, capacity 35214K, committed 35416K, reserved 1079296K
  class space    used 4672K, capacity 4896K, committed 4992K, reserved 1048576K
}
Event: 8.578 GC heap before
{Heap before GC invocations=9 (full 2):
 PSYoungGen      total 128000K, used 122880K [0x00000000e0000000, 0x00000000e8200000, 0x0000000100000000)
  eden space 122880K, 100% used [0x00000000e0000000,0x00000000e7800000,0x00000000e7800000)
  from space 5120K, 0% used [0x00000000e7d00000,0x00000000e7d00000,0x00000000e8200000)
  to   space 5120K, 0% used [0x00000000e7800000,0x00000000e7800000,0x00000000e7d00000)
 ParOldGen       total 60416K, used 19384K [0x00000000a0000000, 0x00000000a3b00000, 0x00000000e0000000)
  object space 60416K, 32% used [0x00000000a0000000,0x00000000a12ee220,0x00000000a3b00000)
 Metaspace       used 44432K, capacity 45474K, committed 45656K, reserved 1089536K
  class space    used 5903K, capacity 6198K, committed 6272K, reserved 1048576K
Event: 8.593 GC heap after
Heap after GC invocations=9 (full 2):
 PSYoungGen      total 128000K, used 5108K [0x00000000e0000000, 0x00000000e8200000, 0x0000000100000000)
  eden space 122880K, 0% used [0x00000000e0000000,0x00000000e0000000,0x00000000e7800000)
  from space 5120K, 99% used [0x00000000e7800000,0x00000000e7cfd2e0,0x00000000e7d00000)
  to   space 5120K, 0% used [0x00000000e7d00000,0x00000000e7d00000,0x00000000e8200000)
 ParOldGen       total 60416K, used 28195K [0x00000000a0000000, 0x00000000a3b00000, 0x00000000e0000000)
  object space 60416K, 46% used [0x00000000a0000000,0x00000000a1b88e40,0x00000000a3b00000)
 Metaspace       used 44432K, capacity 45474K, committed 45656K, reserved 1089536K
  class space    used 5903K, capacity 6198K, committed 6272K, reserved 1048576K
}

