# JRE version: OpenJDK Runtime Environment (8.0_242-b01) (build 1.8.0_242-release-1644-b01)
# Java VM: OpenJDK 64-Bit Server VM (25.242-b01 mixed mode windows-amd64 compressed oops)
Heap:
 PSYoungGen      total 479744K, used 276032K [0x00000000e0000000, 0x0000000100000000, 0x0000000100000000)
  eden space 455680K, 55% used [0x00000000e0000000,0x00000000ef616278,0x00000000fbd00000)
  from space 24064K, 99% used [0x00000000fd100000,0x00000000fe879f18,0x00000000fe880000)
  to   space 24064K, 0% used [0x00000000fe880000,0x00000000fe880000,0x0000000100000000)
 ParOldGen       total 130048K, used 67782K [0x00000000a0000000, 0x00000000a7f00000, 0x00000000e0000000)
  object space 130048K, 52% used [0x00000000a0000000,0x00000000a4231920,0x00000000a7f00000)
 Metaspace       used 82264K, capacity 84940K, committed 85208K, reserved 1124352K
  class space    used 10273K, capacity 10904K, committed 10968K, reserved 1048576K
GC Heap History (10 events):
Event: 43.153 GC heap before
{Heap before GC invocations=18 (full 2):
 PSYoungGen      total 366080K, used 298180K [0x00000000e0000000, 0x00000000fb600000, 0x0000000100000000)
  eden space 352256K, 83% used [0x00000000e0000000,0x00000000f1e30958,0x00000000f5800000)
  from space 13824K, 37% used [0x00000000f5800000,0x00000000f5d008d0,0x00000000f6580000)
  to   space 13312K, 0% used [0x00000000fa900000,0x00000000fa900000,0x00000000fb600000)
 ParOldGen       total 87040K, used 27157K [0x00000000a0000000, 0x00000000a5500000, 0x00000000e0000000)
  object space 87040K, 31% used [0x00000000a0000000,0x00000000a1a85438,0x00000000a5500000)
 Metaspace       used 57320K, capacity 58862K, committed 58968K, reserved 1099776K
  class space    used 7367K, capacity 7763K, committed 7768K, reserved 1048576K
Event: 43.232 GC heap after
Heap after GC invocations=18 (full 2):
 PSYoungGen      total 429568K, used 13295K [0x00000000e0000000, 0x00000000fe600000, 0x0000000100000000)
  eden space 416256K, 0% used [0x00000000e0000000,0x00000000e0000000,0x00000000f9680000)
  from space 13312K, 99% used [0x00000000fa900000,0x00000000fb5fbdc0,0x00000000fb600000)
  to   space 18944K, 0% used [0x00000000f9680000,0x00000000f9680000,0x00000000fa900000)
 ParOldGen       total 87040K, used 37224K [0x00000000a0000000, 0x00000000a5500000, 0x00000000e0000000)
  object space 87040K, 42% used [0x00000000a0000000,0x00000000a245a2f0,0x00000000a5500000)
 Metaspace       used 57320K, capacity 58862K, committed 58968K, reserved 1099776K
  class space    used 7367K, capacity 7763K, committed 7768K, reserved 1048576K
}
Event: 43.232 GC heap before
{Heap before GC invocations=19 (full 3):
 PSYoungGen      total 429568K, used 13295K [0x00000000e0000000, 0x00000000fe600000, 0x0000000100000000)
  eden space 416256K, 0% used [0x00000000e0000000,0x00000000e0000000,0x00000000f9680000)
  from space 13312K, 99% used [0x00000000fa900000,0x00000000fb5fbdc0,0x00000000fb600000)
  to   space 18944K, 0% used [0x00000000f9680000,0x00000000f9680000,0x00000000fa900000)
 ParOldGen       total 87040K, used 37224K [0x00000000a0000000, 0x00000000a5500000, 0x00000000e0000000)
  object space 87040K, 42% used [0x00000000a0000000,0x00000000a245a2f0,0x00000000a5500000)
 Metaspace       used 57320K, capacity 58862K, committed 58968K, reserved 1099776K
  class space    used 7367K, capacity 7763K, committed 7768K, reserved 1048576K
Event: 43.501 GC heap after
Heap after GC invocations=19 (full 3):
 PSYoungGen      total 429568K, used 0K [0x00000000e0000000, 0x00000000fe600000, 0x0000000100000000)
  eden space 416256K, 0% used [0x00000000e0000000,0x00000000e0000000,0x00000000f9680000)
  from space 13312K, 0% used [0x00000000fa900000,0x00000000fa900000,0x00000000fb600000)
  to   space 18944K, 0% used [0x00000000f9680000,0x00000000f9680000,0x00000000fa900000)
 ParOldGen       total 130048K, used 43886K [0x00000000a0000000, 0x00000000a7f00000, 0x00000000e0000000)
  object space 130048K, 33% used [0x00000000a0000000,0x00000000a2adbb30,0x00000000a7f00000)
 Metaspace       used 57260K, capacity 58640K, committed 58968K, reserved 1099776K
  class space    used 7350K, capacity 7712K, committed 7768K, reserved 1048576K
}
Event: 48.946 GC heap before
{Heap before GC invocations=20 (full 3):
 PSYoungGen      total 429568K, used 416256K [0x00000000e0000000, 0x00000000fe600000, 0x0000000100000000)
  eden space 416256K, 100% used [0x00000000e0000000,0x00000000f9680000,0x00000000f9680000)
  from space 13312K, 0% used [0x00000000fa900000,0x00000000fa900000,0x00000000fb600000)
  to   space 18944K, 0% used [0x00000000f9680000,0x00000000f9680000,0x00000000fa900000)
 ParOldGen       total 130048K, used 43886K [0x00000000a0000000, 0x00000000a7f00000, 0x00000000e0000000)
  object space 130048K, 33% used [0x00000000a0000000,0x00000000a2adbb30,0x00000000a7f00000)
 Metaspace       used 66114K, capacity 68278K, committed 68568K, reserved 1107968K
  class space    used 8578K, capacity 9098K, committed 9176K, reserved 1048576K
Event: 48.962 GC heap after
Heap after GC invocations=20 (full 3):
 PSYoungGen      total 435200K, used 15061K [0x00000000e0000000, 0x0000000100000000, 0x0000000100000000)
  eden space 416256K, 0% used [0x00000000e0000000,0x00000000e0000000,0x00000000f9680000)
  from space 18944K, 79% used [0x00000000f9680000,0x00000000fa5355b8,0x00000000fa900000)
  to   space 20480K, 0% used [0x00000000fec00000,0x00000000fec00000,0x0000000100000000)
 ParOldGen       total 130048K, used 43894K [0x00000000a0000000, 0x00000000a7f00000, 0x00000000e0000000)
  object space 130048K, 33% used [0x00000000a0000000,0x00000000a2addb30,0x00000000a7f00000)
 Metaspace       used 66114K, capacity 68278K, committed 68568K, reserved 1107968K
  class space    used 8578K, capacity 9098K, committed 9176K, reserved 1048576K
}
Event: 109.724 GC heap before
{Heap before GC invocations=21 (full 3):
 PSYoungGen      total 435200K, used 431317K [0x00000000e0000000, 0x0000000100000000, 0x0000000100000000)
  eden space 416256K, 100% used [0x00000000e0000000,0x00000000f9680000,0x00000000f9680000)
  from space 18944K, 79% used [0x00000000f9680000,0x00000000fa5355b8,0x00000000fa900000)
  to   space 20480K, 0% used [0x00000000fec00000,0x00000000fec00000,0x0000000100000000)
 ParOldGen       total 130048K, used 43894K [0x00000000a0000000, 0x00000000a7f00000, 0x00000000e0000000)
  object space 130048K, 33% used [0x00000000a0000000,0x00000000a2addb30,0x00000000a7f00000)
 Metaspace       used 71074K, capacity 73280K, committed 73432K, reserved 1114112K
  class space    used 9110K, capacity 9626K, committed 9688K, reserved 1048576K
Event: 109.745 GC heap after
Heap after GC invocations=21 (full 3):
 PSYoungGen      total 496640K, used 20292K [0x00000000e0000000, 0x0000000100000000, 0x0000000100000000)
  eden space 476160K, 0% used [0x00000000e0000000,0x00000000e0000000,0x00000000fd100000)
  from space 20480K, 99% used [0x00000000fec00000,0x00000000fffd11f8,0x0000000100000000)
  to   space 24064K, 0% used [0x00000000fd100000,0x00000000fd100000,0x00000000fe880000)
 ParOldGen       total 130048K, used 43902K [0x00000000a0000000, 0x00000000a7f00000, 0x00000000e0000000)
  object space 130048K, 33% used [0x00000000a0000000,0x00000000a2adfb30,0x00000000a7f00000)
 Metaspace       used 71074K, capacity 73280K, committed 73432K, reserved 1114112K
  class space    used 9110K, capacity 9626K, committed 9688K, reserved 1048576K
}
Event: 673.857 GC heap before
{Heap before GC invocations=22 (full 3):
 PSYoungGen      total 496640K, used 496452K [0x00000000e0000000, 0x0000000100000000, 0x0000000100000000)
  eden space 476160K, 100% used [0x00000000e0000000,0x00000000fd100000,0x00000000fd100000)
  from space 20480K, 99% used [0x00000000fec00000,0x00000000fffd11f8,0x0000000100000000)
  to   space 24064K, 0% used [0x00000000fd100000,0x00000000fd100000,0x00000000fe880000)
 ParOldGen       total 130048K, used 43902K [0x00000000a0000000, 0x00000000a7f00000, 0x00000000e0000000)
  object space 130048K, 33% used [0x00000000a0000000,0x00000000a2adfb30,0x00000000a7f00000)
 Metaspace       used 77922K, capacity 80614K, committed 80984K, reserved 1120256K
  class space    used 9808K, capacity 10461K, committed 10584K, reserved 1048576K
Event: 673.918 GC heap after
Heap after GC invocations=22 (full 3):
 PSYoungGen      total 479744K, used 24039K [0x00000000e0000000, 0x0000000100000000, 0x0000000100000000)
  eden space 455680K, 0% used [0x00000000e0000000,0x00000000e0000000,0x00000000fbd00000)
  from space 24064K, 99% used [0x00000000fd100000,0x00000000fe879f18,0x00000000fe880000)
  to   space 24064K, 0% used [0x00000000fe880000,0x00000000fe880000,0x0000000100000000)
 ParOldGen       total 130048K, used 67782K [0x00000000a0000000, 0x00000000a7f00000, 0x00000000e0000000)
  object space 130048K, 52% used [0x00000000a0000000,0x00000000a4231920,0x00000000a7f00000)
 Metaspace       used 77922K, capacity 80614K, committed 80984K, reserved 1120256K
  class space    used 9808K, capacity 10461K, committed 10584K, reserved 1048576K
}

