# JRE version: OpenJDK Runtime Environment (8.0_242-b01) (build 1.8.0_242-release-1644-b01)
# Java VM: OpenJDK 64-Bit Server VM (25.242-b01 mixed mode windows-amd64 compressed oops)
Heap:
 PSYoungGen      total 406016K, used 336564K [0x00000000e0000000, 0x00000000fb480000, 0x0000000100000000)
  eden space 376832K, 87% used [0x00000000e0000000,0x00000000f4399038,0x00000000f7000000)
  from space 29184K, 17% used [0x00000000f8c80000,0x00000000f9194280,0x00000000fa900000)
  to   space 29184K, 0% used [0x00000000f7000000,0x00000000f7000000,0x00000000f8c80000)
 ParOldGen       total 124416K, used 97993K [0x00000000a0000000, 0x00000000a7980000, 0x00000000e0000000)
  object space 124416K, 78% used [0x00000000a0000000,0x00000000a5fb2790,0x00000000a7980000)
 Metaspace       used 78501K, capacity 81194K, committed 81408K, reserved 1120256K
  class space    used 10035K, capacity 10646K, committed 10752K, reserved 1048576K
GC Heap History (10 events):
Event: 18.123 GC heap before
{Heap before GC invocations=21 (full 3):
 PSYoungGen      total 406016K, used 380699K [0x00000000e0000000, 0x00000000fb480000, 0x0000000100000000)
  eden space 376832K, 100% used [0x00000000e0000000,0x00000000f7000000,0x00000000f7000000)
  from space 29184K, 13% used [0x00000000f7000000,0x00000000f73c6da8,0x00000000f8c80000)
  to   space 29184K, 0% used [0x00000000f8c80000,0x00000000f8c80000,0x00000000fa900000)
 ParOldGen       total 124416K, used 85552K [0x00000000a0000000, 0x00000000a7980000, 0x00000000e0000000)
  object space 124416K, 68% used [0x00000000a0000000,0x00000000a538c1c8,0x00000000a7980000)
 Metaspace       used 78153K, capacity 80802K, committed 81152K, reserved 1120256K
  class space    used 10016K, capacity 10632K, committed 10752K, reserved 1048576K
Event: 18.141 GC heap after
Heap after GC invocations=21 (full 3):
 PSYoungGen      total 406016K, used 4130K [0x00000000e0000000, 0x00000000fb480000, 0x0000000100000000)
  eden space 376832K, 0% used [0x00000000e0000000,0x00000000e0000000,0x00000000f7000000)
  from space 29184K, 14% used [0x00000000f8c80000,0x00000000f9088b68,0x00000000fa900000)
  to   space 29184K, 0% used [0x00000000f7000000,0x00000000f7000000,0x00000000f8c80000)
 ParOldGen       total 124416K, used 86406K [0x00000000a0000000, 0x00000000a7980000, 0x00000000e0000000)
  object space 124416K, 69% used [0x00000000a0000000,0x00000000a5461970,0x00000000a7980000)
 Metaspace       used 78153K, capacity 80802K, committed 81152K, reserved 1120256K
  class space    used 10016K, capacity 10632K, committed 10752K, reserved 1048576K
}
Event: 18.861 GC heap before
{Heap before GC invocations=22 (full 3):
 PSYoungGen      total 406016K, used 380962K [0x00000000e0000000, 0x00000000fb480000, 0x0000000100000000)
  eden space 376832K, 100% used [0x00000000e0000000,0x00000000f7000000,0x00000000f7000000)
  from space 29184K, 14% used [0x00000000f8c80000,0x00000000f9088b68,0x00000000fa900000)
  to   space 29184K, 0% used [0x00000000f7000000,0x00000000f7000000,0x00000000f8c80000)
 ParOldGen       total 124416K, used 86406K [0x00000000a0000000, 0x00000000a7980000, 0x00000000e0000000)
  object space 124416K, 69% used [0x00000000a0000000,0x00000000a5461970,0x00000000a7980000)
 Metaspace       used 78193K, capacity 80930K, committed 81152K, reserved 1120256K
  class space    used 10016K, capacity 10632K, committed 10752K, reserved 1048576K
Event: 18.874 GC heap after
Heap after GC invocations=22 (full 3):
 PSYoungGen      total 406016K, used 9144K [0x00000000e0000000, 0x00000000fb480000, 0x0000000100000000)
  eden space 376832K, 0% used [0x00000000e0000000,0x00000000e0000000,0x00000000f7000000)
  from space 29184K, 31% used [0x00000000f7000000,0x00000000f78ee3b8,0x00000000f8c80000)
  to   space 29184K, 0% used [0x00000000f8c80000,0x00000000f8c80000,0x00000000fa900000)
 ParOldGen       total 124416K, used 87882K [0x00000000a0000000, 0x00000000a7980000, 0x00000000e0000000)
  object space 124416K, 70% used [0x00000000a0000000,0x00000000a55d2820,0x00000000a7980000)
 Metaspace       used 78193K, capacity 80930K, committed 81152K, reserved 1120256K
  class space    used 10016K, capacity 10632K, committed 10752K, reserved 1048576K
}
Event: 19.612 GC heap before
{Heap before GC invocations=23 (full 3):
 PSYoungGen      total 406016K, used 385976K [0x00000000e0000000, 0x00000000fb480000, 0x0000000100000000)
  eden space 376832K, 100% used [0x00000000e0000000,0x00000000f7000000,0x00000000f7000000)
  from space 29184K, 31% used [0x00000000f7000000,0x00000000f78ee3b8,0x00000000f8c80000)
  to   space 29184K, 0% used [0x00000000f8c80000,0x00000000f8c80000,0x00000000fa900000)
 ParOldGen       total 124416K, used 87882K [0x00000000a0000000, 0x00000000a7980000, 0x00000000e0000000)
  object space 124416K, 70% used [0x00000000a0000000,0x00000000a55d2820,0x00000000a7980000)
 Metaspace       used 78291K, capacity 81026K, committed 81152K, reserved 1120256K
  class space    used 10024K, capacity 10638K, committed 10752K, reserved 1048576K
Event: 19.620 GC heap after
Heap after GC invocations=23 (full 3):
 PSYoungGen      total 406016K, used 4915K [0x00000000e0000000, 0x00000000fb480000, 0x0000000100000000)
  eden space 376832K, 0% used [0x00000000e0000000,0x00000000e0000000,0x00000000f7000000)
  from space 29184K, 16% used [0x00000000f8c80000,0x00000000f914ced8,0x00000000fa900000)
  to   space 29184K, 0% used [0x00000000f7000000,0x00000000f7000000,0x00000000f8c80000)
 ParOldGen       total 124416K, used 92039K [0x00000000a0000000, 0x00000000a7980000, 0x00000000e0000000)
  object space 124416K, 73% used [0x00000000a0000000,0x00000000a59e1f50,0x00000000a7980000)
 Metaspace       used 78291K, capacity 81026K, committed 81152K, reserved 1120256K
  class space    used 10024K, capacity 10638K, committed 10752K, reserved 1048576K
}
Event: 20.318 GC heap before
{Heap before GC invocations=24 (full 3):
 PSYoungGen      total 406016K, used 381747K [0x00000000e0000000, 0x00000000fb480000, 0x0000000100000000)
  eden space 376832K, 100% used [0x00000000e0000000,0x00000000f7000000,0x00000000f7000000)
  from space 29184K, 16% used [0x00000000f8c80000,0x00000000f914ced8,0x00000000fa900000)
  to   space 29184K, 0% used [0x00000000f7000000,0x00000000f7000000,0x00000000f8c80000)
 ParOldGen       total 124416K, used 92039K [0x00000000a0000000, 0x00000000a7980000, 0x00000000e0000000)
  object space 124416K, 73% used [0x00000000a0000000,0x00000000a59e1f50,0x00000000a7980000)
 Metaspace       used 78379K, capacity 81026K, committed 81152K, reserved 1120256K
  class space    used 10026K, capacity 10638K, committed 10752K, reserved 1048576K
Event: 20.333 GC heap after
Heap after GC invocations=24 (full 3):
 PSYoungGen      total 406016K, used 7438K [0x00000000e0000000, 0x00000000fb480000, 0x0000000100000000)
  eden space 376832K, 0% used [0x00000000e0000000,0x00000000e0000000,0x00000000f7000000)
  from space 29184K, 25% used [0x00000000f7000000,0x00000000f7743900,0x00000000f8c80000)
  to   space 29184K, 0% used [0x00000000f8c80000,0x00000000f8c80000,0x00000000fa900000)
 ParOldGen       total 124416K, used 92796K [0x00000000a0000000, 0x00000000a7980000, 0x00000000e0000000)
  object space 124416K, 74% used [0x00000000a0000000,0x00000000a5a9f2c8,0x00000000a7980000)
 Metaspace       used 78379K, capacity 81026K, committed 81152K, reserved 1120256K
  class space    used 10026K, capacity 10638K, committed 10752K, reserved 1048576K
}
Event: 20.949 GC heap before
{Heap before GC invocations=25 (full 3):
 PSYoungGen      total 406016K, used 384084K [0x00000000e0000000, 0x00000000fb480000, 0x0000000100000000)
  eden space 376832K, 99% used [0x00000000e0000000,0x00000000f6fd1968,0x00000000f7000000)
  from space 29184K, 25% used [0x00000000f7000000,0x00000000f7743900,0x00000000f8c80000)
  to   space 29184K, 0% used [0x00000000f8c80000,0x00000000f8c80000,0x00000000fa900000)
 ParOldGen       total 124416K, used 92796K [0x00000000a0000000, 0x00000000a7980000, 0x00000000e0000000)
  object space 124416K, 74% used [0x00000000a0000000,0x00000000a5a9f2c8,0x00000000a7980000)
 Metaspace       used 78417K, capacity 81158K, committed 81408K, reserved 1120256K
  class space    used 10026K, capacity 10638K, committed 10752K, reserved 1048576K
Event: 20.967 GC heap after
Heap after GC invocations=25 (full 3):
 PSYoungGen      total 406016K, used 5200K [0x00000000e0000000, 0x00000000fb480000, 0x0000000100000000)
  eden space 376832K, 0% used [0x00000000e0000000,0x00000000e0000000,0x00000000f7000000)
  from space 29184K, 17% used [0x00000000f8c80000,0x00000000f9194280,0x00000000fa900000)
  to   space 29184K, 0% used [0x00000000f7000000,0x00000000f7000000,0x00000000f8c80000)
 ParOldGen       total 124416K, used 97993K [0x00000000a0000000, 0x00000000a7980000, 0x00000000e0000000)
  object space 124416K, 78% used [0x00000000a0000000,0x00000000a5fb2790,0x00000000a7980000)
 Metaspace       used 78417K, capacity 81158K, committed 81408K, reserved 1120256K
  class space    used 10026K, capacity 10638K, committed 10752K, reserved 1048576K
}

